<?xml version="1.0" encoding="UTF-8"?>
<coverage generated="1679568226214" clover="3.2.0">
  <project timestamp="1679568226214" name="All files">
    <metrics statements="44" coveredstatements="42" conditionals="33" coveredconditionals="27" methods="7" coveredmethods="7" elements="84" coveredelements="76" complexity="0" loc="44" ncloc="44" packages="1" files="1" classes="1"/>
    <file name="gilded_rose.js" path="/Users/cassiusnaylor/Projects/MakersWk10-Challenges/GildedRoseTest/js-jest/src/gilded_rose.js">
      <metrics statements="44" coveredstatements="42" conditionals="33" coveredconditionals="27" methods="7" coveredmethods="7"/>
      <line num="3" count="16" type="stmt"/>
      <line num="4" count="16" type="stmt"/>
      <line num="5" count="16" type="stmt"/>
      <line num="11" count="12" type="stmt"/>
      <line num="15" count="12" type="stmt"/>
      <line num="16" count="16" type="cond" truecount="2" falsecount="0"/>
      <line num="17" count="4" type="stmt"/>
      <line num="19" count="12" type="cond" truecount="4" falsecount="0"/>
      <line num="21" count="1" type="stmt"/>
      <line num="22" count="1" type="stmt"/>
      <line num="24" count="6" type="stmt"/>
      <line num="25" count="6" type="stmt"/>
      <line num="27" count="1" type="stmt"/>
      <line num="29" count="4" type="stmt"/>
      <line num="30" count="4" type="stmt"/>
      <line num="34" count="12" type="stmt"/>
      <line num="38" count="4" type="cond" truecount="2" falsecount="0"/>
      <line num="39" count="3" type="stmt"/>
      <line num="42" count="4" type="stmt"/>
      <line num="44" count="4" type="cond" truecount="4" falsecount="0"/>
      <line num="45" count="1" type="stmt"/>
      <line num="50" count="1" type="cond" truecount="1" falsecount="1"/>
      <line num="51" count="1" type="stmt"/>
      <line num="54" count="1" type="stmt"/>
      <line num="56" count="1" type="cond" truecount="2" falsecount="2"/>
      <line num="57" count="0" type="stmt"/>
      <line num="62" count="6" type="cond" truecount="1" falsecount="1"/>
      <line num="63" count="6" type="cond" truecount="2" falsecount="0"/>
      <line num="64" count="2" type="stmt"/>
      <line num="65" count="4" type="cond" truecount="2" falsecount="0"/>
      <line num="66" count="1" type="stmt"/>
      <line num="67" count="3" type="cond" truecount="2" falsecount="0"/>
      <line num="68" count="2" type="stmt"/>
      <line num="70" count="1" type="stmt"/>
      <line num="74" count="6" type="stmt"/>
      <line num="78" count="4" type="cond" truecount="2" falsecount="0"/>
      <line num="79" count="3" type="stmt"/>
      <line num="81" count="1" type="stmt"/>
      <line num="84" count="4" type="stmt"/>
      <line num="86" count="4" type="cond" truecount="2" falsecount="0"/>
      <line num="87" count="1" type="cond" truecount="1" falsecount="1"/>
      <line num="88" count="0" type="stmt"/>
      <line num="90" count="1" type="stmt"/>
      <line num="95" count="1" type="stmt"/>
    </file>
  </project>
</coverage>
