{"/Users/cassiusnaylor/Projects/MakersWk10-Challenges/GildedRoseTest/js-jest/src/gilded_rose.js": {"path":"/Users/cassiusnaylor/Projects/MakersWk10-Challenges/GildedRoseTest/js-jest/src/gilded_rose.js","statementMap":{"0":{"start":{"line":3,"column":6},"end":{"line":3,"column":23}},"1":{"start":{"line":4,"column":6},"end":{"line":4,"column":27}},"2":{"start":{"line":5,"column":6},"end":{"line":5,"column":29}},"3":{"start":{"line":11,"column":6},"end":{"line":11,"column":25}},"4":{"start":{"line":15,"column":6},"end":{"line":32,"column":7}},"5":{"start":{"line":15,"column":19},"end":{"line":15,"column":20}},"6":{"start":{"line":16,"column":8},"end":{"line":31,"column":9}},"7":{"start":{"line":17,"column":12},"end":{"line":17,"column":39}},"8":{"start":{"line":19,"column":13},"end":{"line":31,"column":9}},"9":{"start":{"line":21,"column":12},"end":{"line":21,"column":35}},"10":{"start":{"line":22,"column":12},"end":{"line":22,"column":18}},"11":{"start":{"line":24,"column":12},"end":{"line":24,"column":40}},"12":{"start":{"line":25,"column":12},"end":{"line":25,"column":18}},"13":{"start":{"line":27,"column":12},"end":{"line":27,"column":18}},"14":{"start":{"line":29,"column":12},"end":{"line":29,"column":39}},"15":{"start":{"line":30,"column":12},"end":{"line":30,"column":18}},"16":{"start":{"line":34,"column":6},"end":{"line":34,"column":24}},"17":{"start":{"line":38,"column":8},"end":{"line":40,"column":9}},"18":{"start":{"line":39,"column":10},"end":{"line":39,"column":37}},"19":{"start":{"line":42,"column":8},"end":{"line":42,"column":34}},"20":{"start":{"line":44,"column":8},"end":{"line":46,"column":9}},"21":{"start":{"line":45,"column":10},"end":{"line":45,"column":37}},"22":{"start":{"line":50,"column":6},"end":{"line":52,"column":7}},"23":{"start":{"line":51,"column":8},"end":{"line":51,"column":35}},"24":{"start":{"line":54,"column":6},"end":{"line":54,"column":32}},"25":{"start":{"line":56,"column":6},"end":{"line":58,"column":7}},"26":{"start":{"line":57,"column":8},"end":{"line":57,"column":35}},"27":{"start":{"line":62,"column":6},"end":{"line":72,"column":7}},"28":{"start":{"line":63,"column":8},"end":{"line":71,"column":9}},"29":{"start":{"line":64,"column":10},"end":{"line":64,"column":36}},"30":{"start":{"line":65,"column":15},"end":{"line":71,"column":9}},"31":{"start":{"line":66,"column":10},"end":{"line":66,"column":37}},"32":{"start":{"line":67,"column":15},"end":{"line":71,"column":9}},"33":{"start":{"line":68,"column":10},"end":{"line":68,"column":37}},"34":{"start":{"line":70,"column":10},"end":{"line":70,"column":37}},"35":{"start":{"line":74,"column":6},"end":{"line":74,"column":32}},"36":{"start":{"line":78,"column":8},"end":{"line":82,"column":9}},"37":{"start":{"line":79,"column":10},"end":{"line":79,"column":37}},"38":{"start":{"line":81,"column":10},"end":{"line":81,"column":36}},"39":{"start":{"line":84,"column":8},"end":{"line":84,"column":34}},"40":{"start":{"line":86,"column":8},"end":{"line":92,"column":7}},"41":{"start":{"line":87,"column":10},"end":{"line":91,"column":11}},"42":{"start":{"line":88,"column":14},"end":{"line":88,"column":41}},"43":{"start":{"line":90,"column":14},"end":{"line":90,"column":40}},"44":{"start":{"line":95,"column":2},"end":{"line":98,"column":3}}},"fnMap":{"0":{"name":"(anonymous_0)","decl":{"start":{"line":2,"column":4},"end":{"line":2,"column":5}},"loc":{"start":{"line":2,"column":38},"end":{"line":6,"column":5}},"line":2},"1":{"name":"(anonymous_1)","decl":{"start":{"line":10,"column":4},"end":{"line":10,"column":5}},"loc":{"start":{"line":10,"column":28},"end":{"line":12,"column":5}},"line":10},"2":{"name":"(anonymous_2)","decl":{"start":{"line":14,"column":4},"end":{"line":14,"column":5}},"loc":{"start":{"line":14,"column":20},"end":{"line":35,"column":5}},"line":14},"3":{"name":"(anonymous_3)","decl":{"start":{"line":37,"column":4},"end":{"line":37,"column":5}},"loc":{"start":{"line":37,"column":26},"end":{"line":47,"column":7}},"line":37},"4":{"name":"(anonymous_4)","decl":{"start":{"line":49,"column":4},"end":{"line":49,"column":5}},"loc":{"start":{"line":49,"column":22},"end":{"line":59,"column":5}},"line":49},"5":{"name":"(anonymous_5)","decl":{"start":{"line":61,"column":4},"end":{"line":61,"column":5}},"loc":{"start":{"line":61,"column":27},"end":{"line":75,"column":5}},"line":61},"6":{"name":"(anonymous_6)","decl":{"start":{"line":77,"column":4},"end":{"line":77,"column":5}},"loc":{"start":{"line":77,"column":26},"end":{"line":92,"column":8}},"line":77}},"branchMap":{"0":{"loc":{"start":{"line":10,"column":16},"end":{"line":10,"column":26}},"type":"default-arg","locations":[{"start":{"line":10,"column":24},"end":{"line":10,"column":26}}],"line":10},"1":{"loc":{"start":{"line":16,"column":8},"end":{"line":31,"column":9}},"type":"if","locations":[{"start":{"line":16,"column":8},"end":{"line":31,"column":9}},{"start":{"line":16,"column":8},"end":{"line":31,"column":9}}],"line":16},"2":{"loc":{"start":{"line":19,"column":13},"end":{"line":31,"column":9}},"type":"switch","locations":[{"start":{"line":20,"column":10},"end":{"line":22,"column":18}},{"start":{"line":23,"column":10},"end":{"line":25,"column":18}},{"start":{"line":26,"column":10},"end":{"line":27,"column":18}},{"start":{"line":28,"column":10},"end":{"line":30,"column":18}}],"line":19},"3":{"loc":{"start":{"line":38,"column":8},"end":{"line":40,"column":9}},"type":"if","locations":[{"start":{"line":38,"column":8},"end":{"line":40,"column":9}},{"start":{"line":38,"column":8},"end":{"line":40,"column":9}}],"line":38},"4":{"loc":{"start":{"line":44,"column":8},"end":{"line":46,"column":9}},"type":"if","locations":[{"start":{"line":44,"column":8},"end":{"line":46,"column":9}},{"start":{"line":44,"column":8},"end":{"line":46,"column":9}}],"line":44},"5":{"loc":{"start":{"line":44,"column":12},"end":{"line":44,"column":65}},"type":"binary-expr","locations":[{"start":{"line":44,"column":12},"end":{"line":44,"column":36}},{"start":{"line":44,"column":40},"end":{"line":44,"column":65}}],"line":44},"6":{"loc":{"start":{"line":50,"column":6},"end":{"line":52,"column":7}},"type":"if","locations":[{"start":{"line":50,"column":6},"end":{"line":52,"column":7}},{"start":{"line":50,"column":6},"end":{"line":52,"column":7}}],"line":50},"7":{"loc":{"start":{"line":56,"column":6},"end":{"line":58,"column":7}},"type":"if","locations":[{"start":{"line":56,"column":6},"end":{"line":58,"column":7}},{"start":{"line":56,"column":6},"end":{"line":58,"column":7}}],"line":56},"8":{"loc":{"start":{"line":56,"column":10},"end":{"line":56,"column":64}},"type":"binary-expr","locations":[{"start":{"line":56,"column":10},"end":{"line":56,"column":34}},{"start":{"line":56,"column":38},"end":{"line":56,"column":64}}],"line":56},"9":{"loc":{"start":{"line":62,"column":6},"end":{"line":72,"column":7}},"type":"if","locations":[{"start":{"line":62,"column":6},"end":{"line":72,"column":7}},{"start":{"line":62,"column":6},"end":{"line":72,"column":7}}],"line":62},"10":{"loc":{"start":{"line":63,"column":8},"end":{"line":71,"column":9}},"type":"if","locations":[{"start":{"line":63,"column":8},"end":{"line":71,"column":9}},{"start":{"line":63,"column":8},"end":{"line":71,"column":9}}],"line":63},"11":{"loc":{"start":{"line":65,"column":15},"end":{"line":71,"column":9}},"type":"if","locations":[{"start":{"line":65,"column":15},"end":{"line":71,"column":9}},{"start":{"line":65,"column":15},"end":{"line":71,"column":9}}],"line":65},"12":{"loc":{"start":{"line":67,"column":15},"end":{"line":71,"column":9}},"type":"if","locations":[{"start":{"line":67,"column":15},"end":{"line":71,"column":9}},{"start":{"line":67,"column":15},"end":{"line":71,"column":9}}],"line":67},"13":{"loc":{"start":{"line":78,"column":8},"end":{"line":82,"column":9}},"type":"if","locations":[{"start":{"line":78,"column":8},"end":{"line":82,"column":9}},{"start":{"line":78,"column":8},"end":{"line":82,"column":9}}],"line":78},"14":{"loc":{"start":{"line":86,"column":8},"end":{"line":92,"column":7}},"type":"if","locations":[{"start":{"line":86,"column":8},"end":{"line":92,"column":7}},{"start":{"line":86,"column":8},"end":{"line":92,"column":7}}],"line":86},"15":{"loc":{"start":{"line":87,"column":10},"end":{"line":91,"column":11}},"type":"if","locations":[{"start":{"line":87,"column":10},"end":{"line":91,"column":11}},{"start":{"line":87,"column":10},"end":{"line":91,"column":11}}],"line":87}},"s":{"0":16,"1":16,"2":16,"3":12,"4":12,"5":12,"6":16,"7":4,"8":12,"9":1,"10":1,"11":6,"12":6,"13":1,"14":4,"15":4,"16":12,"17":4,"18":3,"19":4,"20":4,"21":1,"22":1,"23":1,"24":1,"25":1,"26":0,"27":6,"28":6,"29":2,"30":4,"31":1,"32":3,"33":2,"34":1,"35":6,"36":4,"37":3,"38":1,"39":4,"40":4,"41":1,"42":0,"43":1,"44":1},"f":{"0":16,"1":12,"2":12,"3":4,"4":1,"5":6,"6":4},"b":{"0":[0],"1":[4,12],"2":[1,6,1,4],"3":[3,1],"4":[1,3],"5":[4,2],"6":[1,0],"7":[0,1],"8":[1,0],"9":[6,0],"10":[2,4],"11":[1,3],"12":[2,1],"13":[3,1],"14":[1,3],"15":[0,1]},"_coverageSchema":"43e27e138ebf9cfc5966b082cf9a028302ed4184","hash":"5e4158a37c8d551718fd7d5f2882f26e9e9abf0d"}
}
