TN:
SF:/Users/cassiusnaylor/Projects/MakersWk10-Challenges/GildedRoseTest/js-jest/src/gilded_rose.js
FN:2,(anonymous_0)
FN:10,(anonymous_1)
FN:14,(anonymous_2)
FN:37,(anonymous_3)
FN:49,(anonymous_4)
FN:61,(anonymous_5)
FN:77,(anonymous_6)
FNF:7
FNH:7
FNDA:16,(anonymous_0)
FNDA:12,(anonymous_1)
FNDA:12,(anonymous_2)
FNDA:4,(anonymous_3)
FNDA:1,(anonymous_4)
FNDA:6,(anonymous_5)
FNDA:4,(anonymous_6)
DA:3,16
DA:4,16
DA:5,16
DA:11,12
DA:15,12
DA:16,16
DA:17,4
DA:19,12
DA:21,1
DA:22,1
DA:24,6
DA:25,6
DA:27,1
DA:29,4
DA:30,4
DA:34,12
DA:38,4
DA:39,3
DA:42,4
DA:44,4
DA:45,1
DA:50,1
DA:51,1
DA:54,1
DA:56,1
DA:57,0
DA:62,6
DA:63,6
DA:64,2
DA:65,4
DA:66,1
DA:67,3
DA:68,2
DA:70,1
DA:74,6
DA:78,4
DA:79,3
DA:81,1
DA:84,4
DA:86,4
DA:87,1
DA:88,0
DA:90,1
DA:95,1
LF:44
LH:42
BRDA:10,0,0,0
BRDA:16,1,0,4
BRDA:16,1,1,12
BRDA:19,2,0,1
BRDA:19,2,1,6
BRDA:19,2,2,1
BRDA:19,2,3,4
BRDA:38,3,0,3
BRDA:38,3,1,1
BRDA:44,4,0,1
BRDA:44,4,1,3
BRDA:44,5,0,4
BRDA:44,5,1,2
BRDA:50,6,0,1
BRDA:50,6,1,0
BRDA:56,7,0,0
BRDA:56,7,1,1
BRDA:56,8,0,1
BRDA:56,8,1,0
BRDA:62,9,0,6
BRDA:62,9,1,0
BRDA:63,10,0,2
BRDA:63,10,1,4
BRDA:65,11,0,1
BRDA:65,11,1,3
BRDA:67,12,0,2
BRDA:67,12,1,1
BRDA:78,13,0,3
BRDA:78,13,1,1
BRDA:86,14,0,1
BRDA:86,14,1,3
BRDA:87,15,0,0
BRDA:87,15,1,1
BRF:33
BRH:27
end_of_record
